<?xml version="1.0" encoding="UTF-8"?>
<testng-results ignored="0" total="4" passed="4" failed="0" skipped="0">
  <reporter-output>
  </reporter-output>
  <suite started-at="2024-12-28T10:38:18 EST" name="Suite" finished-at="2024-12-28T10:39:20 EST" duration-ms="62311">
    <groups>
    </groups>
    <test started-at="2024-12-28T10:38:18 EST" name="Test1" finished-at="2024-12-28T10:39:20 EST" duration-ms="62086">
      <class name="com.reservation.tests.PortalTest">
        <test-method is-config="true" signature="beforeTest(org.testng.ITestContext)[pri:0, instance:com.reservation.tests.PortalTest@1115ec15]" started-at="2024-12-28T10:38:18 EST" name="beforeTest" finished-at="2024-12-28T10:38:23 EST" duration-ms="4746" status="PASS">
          <params>
            <param index="0">
              <value>
                <![CDATA[org.testng.TestRunner@528c868]]>
              </value>
            </param>
          </params>
          <reporter-output>
          </reporter-output>
        </test-method> <!-- beforeTest -->
        <test-method is-config="true" signature="beforeClass(java.lang.String)[pri:0, instance:com.reservation.tests.PortalTest@1115ec15]" started-at="2024-12-28T10:38:23 EST" name="beforeClass" finished-at="2024-12-28T10:38:34 EST" duration-ms="10891" status="PASS">
          <params>
            <param index="0">
              <value>
                <![CDATA[test-data/vendor-portal-data.json]]>
              </value>
            </param>
          </params>
          <reporter-output>
          </reporter-output>
        </test-method> <!-- beforeClass -->
        <test-method signature="logInTest()[pri:0, instance:com.reservation.tests.PortalTest@1115ec15]" started-at="2024-12-28T10:38:34 EST" name="logInTest" finished-at="2024-12-28T10:38:36 EST" duration-ms="2713" status="PASS">
          <reporter-output>
          </reporter-output>
        </test-method> <!-- logInTest -->
        <test-method signature="dashBoardTest()[pri:0, instance:com.reservation.tests.PortalTest@1115ec15]" started-at="2024-12-28T10:38:36 EST" name="dashBoardTest" finished-at="2024-12-28T10:39:19 EST" depends-on-methods="com.reservation.tests.PortalTest.logInTest" duration-ms="42425" status="PASS">
          <reporter-output>
          </reporter-output>
        </test-method> <!-- dashBoardTest -->
        <test-method is-config="true" signature="afterTest()[pri:0, instance:com.reservation.tests.PortalTest@1115ec15]" started-at="2024-12-28T10:39:19 EST" name="afterTest" finished-at="2024-12-28T10:39:20 EST" duration-ms="1228" status="PASS">
          <reporter-output>
          </reporter-output>
        </test-method> <!-- afterTest -->
      </class> <!-- com.reservation.tests.PortalTest -->
    </test> <!-- Test1 -->
    <test started-at="2024-12-28T10:38:18 EST" name="Test2" finished-at="2024-12-28T10:39:20 EST" duration-ms="62311">
      <class name="com.reservation.tests.PortalTest">
        <test-method is-config="true" signature="beforeSuite()[pri:0, instance:com.reservation.tests.PortalTest@36cda2c2]" started-at="2024-12-28T10:38:18 EST" name="beforeSuite" finished-at="2024-12-28T10:38:18 EST" duration-ms="20" status="PASS">
          <reporter-output>
          </reporter-output>
        </test-method> <!-- beforeSuite -->
        <test-method is-config="true" signature="beforeTest(org.testng.ITestContext)[pri:0, instance:com.reservation.tests.PortalTest@36cda2c2]" started-at="2024-12-28T10:38:18 EST" name="beforeTest" finished-at="2024-12-28T10:38:24 EST" duration-ms="5846" status="PASS">
          <params>
            <param index="0">
              <value>
                <![CDATA[org.testng.TestRunner@27eedb64]]>
              </value>
            </param>
          </params>
          <reporter-output>
          </reporter-output>
        </test-method> <!-- beforeTest -->
        <test-method is-config="true" signature="beforeClass(java.lang.String)[pri:0, instance:com.reservation.tests.PortalTest@36cda2c2]" started-at="2024-12-28T10:38:24 EST" name="beforeClass" finished-at="2024-12-28T10:38:34 EST" duration-ms="9805" status="PASS">
          <params>
            <param index="0">
              <value>
                <![CDATA[test-data/vendor-portal-data2.json]]>
              </value>
            </param>
          </params>
          <reporter-output>
          </reporter-output>
        </test-method> <!-- beforeClass -->
        <test-method signature="logInTest()[pri:0, instance:com.reservation.tests.PortalTest@36cda2c2]" started-at="2024-12-28T10:38:34 EST" name="logInTest" finished-at="2024-12-28T10:38:36 EST" duration-ms="2708" status="PASS">
          <reporter-output>
          </reporter-output>
        </test-method> <!-- logInTest -->
        <test-method signature="dashBoardTest()[pri:0, instance:com.reservation.tests.PortalTest@36cda2c2]" started-at="2024-12-28T10:38:36 EST" name="dashBoardTest" finished-at="2024-12-28T10:39:19 EST" depends-on-methods="com.reservation.tests.PortalTest.logInTest" duration-ms="43121" status="PASS">
          <reporter-output>
          </reporter-output>
        </test-method> <!-- dashBoardTest -->
        <test-method is-config="true" signature="afterTest()[pri:0, instance:com.reservation.tests.PortalTest@36cda2c2]" started-at="2024-12-28T10:39:19 EST" name="afterTest" finished-at="2024-12-28T10:39:20 EST" duration-ms="760" status="PASS">
          <reporter-output>
          </reporter-output>
        </test-method> <!-- afterTest -->
      </class> <!-- com.reservation.tests.PortalTest -->
    </test> <!-- Test2 -->
  </suite> <!-- Suite -->
</testng-results>
